[17Dec2024 00:00:51.998] [Server thread/WARN] [net.minecraft.server.MinecraftServer/]: Can't keep up! Is the server overloaded? Running 2774ms or 55 ticks behind
[17Dec2024 00:01:13.289] [Server thread/INFO] [net.minecraft.server.MinecraftServer/]: [Not Secure] <WillOfTheBlades> [name:"Muerte 17:48:34 12-16-2024", x:-918, y:56, z:1100, dim:minecraft:overworld]
[17Dec2024 00:01:36.583] [Server thread/INFO] [net.minecraft.server.MinecraftServer/]: [Not Secure] <Cesarelm238> [name:"BIOMA PANDAS", x:-1212, y:85, z:1399, dim:minecraft:overworld]
[17Dec2024 00:05:01.530] [Server thread/INFO] [net.minecraft.server.MinecraftServer/]: [Not Secure] <WillOfTheBlades> [x:-1106, y:99, z:1991, dim:minecraft:overworld]
[17Dec2024 00:05:28.156] [Server thread/INFO] [net.minecraft.server.MinecraftServer/]: WillOfTheBlades has made the advancement [Isn't It Iron Pick]
[17Dec2024 00:05:59.374] [Server thread/INFO] [net.minecraft.server.MinecraftServer/]: Cesarelm238 has made the advancement [Ice Bucket Challenge]
[17Dec2024 00:11:28.855] [Server thread/INFO] [net.minecraft.server.MinecraftServer/]: [Not Secure] <Cesarelm238> [name:"NIEVE", x:-917, y:137, z:2242, dim:minecraft:overworld]
[17Dec2024 00:13:53.642] [Server thread/INFO] [net.minecraft.server.MinecraftServer/]: Cesarelm238 has made the advancement [Knowledge of Death]
[17Dec2024 00:13:53.643] [Server thread/INFO] [net.minecraft.server.MinecraftServer/]: Cesarelm238 has made the advancement [Ashes 'n Bones]
[17Dec2024 00:15:27.880] [Server thread/INFO] [net.minecraft.server.MinecraftServer/]: WillOfTheBlades has made the advancement [Not Today, Thank You]
[17Dec2024 00:16:50.765] [Server thread/INFO] [net.minecraft.server.MinecraftServer/]: Cesarelm238 has made the advancement [Quickly Applied]
[17Dec2024 00:29:21.390] [Server thread/INFO] [net.minecraft.server.MinecraftServer/]: WillOfTheBlades has made the advancement [Diamonds!]
[17Dec2024 00:30:59.658] [Server thread/INFO] [net.minecraft.server.MinecraftServer/]: Cesarelm238 has reached the goal [Strong or Careful]
[17Dec2024 00:30:59.663] [Server thread/INFO] [net.minecraft.server.MinecraftServer/]: Cesarelm238 fell from a high place
[17Dec2024 00:30:59.679] [Server thread/INFO] [net.minecraft.server.MinecraftServer/]: Cesarelm238 has made the advancement [Your First Grave]
[17Dec2024 00:30:59.680] [Server thread/INFO] [tombstone/]: The player Cesarelm238 has successfully been saved
[17Dec2024 00:31:02.782] [Server thread/INFO] [net.minecraft.server.MinecraftServer/]: Cesarelm238 has made the advancement [The Most Useful Key]
[17Dec2024 00:32:05.194] [Server thread/INFO] [net.minecraft.server.MinecraftServer/]: Cesarelm238 has reached the goal [Here They Come]
[17Dec2024 00:34:41.656] [Server thread/INFO] [net.minecraft.server.MinecraftServer/]: Cesarelm238 has made the advancement [Sneak 100]
[17Dec2024 00:47:34.446] [Server thread/INFO] [naturescompass/]: Starting search: 64 sample space, 50000 max samples, 10000 max radius
[17Dec2024 00:47:38.660] [Server thread/INFO] [naturescompass/]: Search failed: 10001 radius, 24532 samples
[17Dec2024 00:47:45.667] [Server thread/INFO] [naturescompass/]: Starting search: 64 sample space, 50000 max samples, 10000 max radius
[17Dec2024 00:47:45.889] [Server thread/INFO] [naturescompass/]: Search succeeded: 1846 radius, 1216 samples
[17Dec2024 00:47:52.184] [Server thread/INFO] [naturescompass/]: Starting search: 64 sample space, 50000 max samples, 10000 max radius
[17Dec2024 00:47:52.468] [Server thread/INFO] [naturescompass/]: Search succeeded: 2112 radius, 1438 samples
[17Dec2024 00:48:03.837] [Server thread/INFO] [naturescompass/]: Starting search: 64 sample space, 50000 max samples, 10000 max radius
[17Dec2024 00:48:08.093] [Server thread/INFO] [naturescompass/]: Search failed: 10001 radius, 24532 samples
[17Dec2024 00:48:15.583] [Server thread/INFO] [naturescompass/]: Starting search: 64 sample space, 50000 max samples, 10000 max radius
[17Dec2024 00:48:19.443] [Server thread/INFO] [naturescompass/]: Search succeeded: 8167 radius, 23260 samples
[17Dec2024 00:48:36.964] [Server thread/INFO] [naturescompass/]: Starting search: 64 sample space, 50000 max samples, 10000 max radius
[17Dec2024 00:48:36.983] [Server thread/INFO] [naturescompass/]: Search succeeded: 143 radius, 5 samples
[17Dec2024 00:48:54.590] [Server thread/INFO] [naturescompass/]: Starting search: 64 sample space, 50000 max samples, 10000 max radius
[17Dec2024 00:48:55.123] [Server thread/INFO] [naturescompass/]: Search succeeded: 1833 radius, 1235 samples
[17Dec2024 00:49:39.882] [Server thread/INFO] [net.minecraft.server.MinecraftServer/]: WillOfTheBlades has made the advancement [Sneak 100]
[17Dec2024 00:55:20.539] [Server thread/INFO] [net.minecraft.server.MinecraftServer/]: [Not Secure] <Cesarelm238> [name:"MINA MAMALONA", x:-591, y:46, z:2403, dim:minecraft:overworld]
[17Dec2024 01:06:31.965] [Server thread/INFO] [net.minecraft.server.MinecraftServer/]: [Not Secure] <WillOfTheBlades> [x:-1567, y:64, z:982, dim:minecraft:overworld]
[17Dec2024 01:07:01.935] [Server thread/INFO] [naturescompass/]: Starting search: 64 sample space, 50000 max samples, 10000 max radius
[17Dec2024 01:07:02.047] [Server thread/INFO] [naturescompass/]: Search succeeded: 1049 radius, 327 samples
[17Dec2024 01:12:58.433] [Server thread/WARN] [net.minecraft.server.level.ServerPlayerGameMode/]: Mismatch in destroy block pos: BlockPos{x=-327, y=65, z=2428} BlockPos{x=-328, y=64, z=2428}
[17Dec2024 01:21:48.905] [Server thread/INFO] [net.minecraft.server.MinecraftServer/]: WillOfTheBlades has made the advancement [Ambush]
[17Dec2024 01:31:41.232] [Server thread/INFO] [net.minecraft.server.MinecraftServer/]: WillOfTheBlades has made the advancement [The Parrots and the Bats]
[17Dec2024 01:33:03.016] [Server thread/INFO] [net.minecraft.server.MinecraftServer/]: WillOfTheBlades has made the advancement [Quickly Applied]
[17Dec2024 01:33:14.533] [Server thread/INFO] [net.minecraft.server.network.ServerGamePacketListenerImpl/]: Cesarelm238 lost connection: Disconnected
[17Dec2024 01:33:14.534] [Server thread/INFO] [net.minecraft.server.MinecraftServer/]: Cesarelm238 left the game
[17Dec2024 01:33:31.579] [Server thread/INFO] [net.minecraft.server.network.ServerGamePacketListenerImpl/]: WillOfTheBlades lost connection: Disconnected
[17Dec2024 01:33:31.579] [Server thread/INFO] [net.minecraft.server.MinecraftServer/]: WillOfTheBlades left the game
[17Dec2024 01:34:58.574] [Server thread/INFO] [net.minecraft.server.MinecraftServer/]: Stopping the server
[17Dec2024 01:34:58.627] [Server thread/INFO] [net.minecraft.server.MinecraftServer/]: Stopping server
[17Dec2024 01:34:58.627] [Server thread/INFO] [net.minecraft.server.MinecraftServer/]: Saving players
[17Dec2024 01:34:58.628] [Server thread/INFO] [net.minecraft.server.MinecraftServer/]: Saving worlds
[17Dec2024 01:34:59.002] [Server thread/INFO] [net.minecraft.server.MinecraftServer/]: Saving chunks for level 'ServerLevel[world]'/minecraft:overworld
[17Dec2024 01:34:59.185] [Server thread/INFO] [net.minecraft.server.MinecraftServer/]: Saving chunks for level 'ServerLevel[world]'/minecraft:the_nether
[17Dec2024 01:34:59.190] [Server thread/INFO] [net.minecraft.server.MinecraftServer/]: Saving chunks for level 'ServerLevel[world]'/minecraft:the_end
[17Dec2024 01:34:59.249] [Server thread/INFO] [net.minecraft.server.MinecraftServer/]: ThreadedAnvilChunkStorage (world): All chunks are saved
[17Dec2024 01:34:59.250] [Server thread/INFO] [net.minecraft.server.MinecraftServer/]: ThreadedAnvilChunkStorage (DIM-1): All chunks are saved
[17Dec2024 01:34:59.250] [Server thread/INFO] [net.minecraft.server.MinecraftServer/]: ThreadedAnvilChunkStorage (DIM1): All chunks are saved
[17Dec2024 01:34:59.250] [Server thread/INFO] [net.minecraft.server.MinecraftServer/]: ThreadedAnvilChunkStorage: All dimensions are saved
[17Dec2024 01:34:59.358] [Server thread/INFO] [Framework/]: Unloading server configs...
[17Dec2024 01:34:59.359] [Server thread/INFO] [Framework/]: Finished unloading server configs
